<?xml version="1.0" encoding="UTF-8"?>
<testng-results ignored="0" total="1" passed="1" failed="0" skipped="0">
  <reporter-output>
  </reporter-output>
  <suite started-at="2023-01-28T23:45:44 EST" name="Default suite" finished-at="2023-01-28T23:45:47 EST" duration-ms="3444">
    <groups>
    </groups>
    <test started-at="2023-01-28T23:45:44 EST" name="Default test" finished-at="2023-01-28T23:45:47 EST" duration-ms="3444">
      <class name="restAssuredTests.deleteRequest">
        <test-method is-config="true" signature="putenter()[pri:0, instance:restAssuredTests.deleteRequest@50eac852]" started-at="2023-01-28T23:45:44 EST" name="putenter" finished-at="2023-01-28T23:45:44 EST" duration-ms="789" status="PASS">
          <reporter-output>
          </reporter-output>
        </test-method> <!-- putenter -->
        <test-method signature="postreq()[pri:0, instance:restAssuredTests.deleteRequest@50eac852]" started-at="2023-01-28T23:45:44 EST" name="postreq" finished-at="2023-01-28T23:45:47 EST" duration-ms="2613" status="PASS">
          <reporter-output>
          </reporter-output>
        </test-method> <!-- postreq -->
      </class> <!-- restAssuredTests.deleteRequest -->
    </test> <!-- Default test -->
  </suite> <!-- Default suite -->
</testng-results>
